0 silly argv {
0 silly argv   _: [ 'import' ],
0 silly argv   lernaVersion: '4.0.0',
0 silly argv   '$0': '../../../.nvm/versions/node/v16.13.0/bin/lerna',
0 silly argv   dir: '/Users/sakaisho/work_space/crypto-coco/hashlips_art_engine/constants'
0 silly argv }
1 notice cli v4.0.0
2 verbose rootPath /Users/sakaisho/work_space/crypto-coco/cocoa-club
3 error Error: Cannot find module '/Users/sakaisho/work_space/crypto-coco/hashlips_art_engine/constants/package.json'
3 error Require stack:
3 error - /Users/sakaisho/work_space/crypto-coco/cocoa-club/node_modules/@lerna/import/index.js
3 error - /Users/sakaisho/work_space/crypto-coco/cocoa-club/node_modules/@lerna/import/command.js
3 error - /Users/sakaisho/work_space/crypto-coco/cocoa-club/node_modules/lerna/index.js
3 error - /Users/sakaisho/work_space/crypto-coco/cocoa-club/node_modules/lerna/cli.js
3 error - /Users/sakaisho/.nvm/versions/node/v16.13.0/lib/node_modules/lerna/node_modules/import-local/index.js
3 error - /Users/sakaisho/.nvm/versions/node/v16.13.0/lib/node_modules/lerna/cli.js
3 error     at Function.Module._resolveFilename (node:internal/modules/cjs/loader:933:15)
3 error     at Function.Module._load (node:internal/modules/cjs/loader:778:27)
3 error     at Module.require (node:internal/modules/cjs/loader:1005:19)
3 error     at require (node:internal/modules/cjs/helpers:102:18)
3 error     at ImportCommand.initialize (/Users/sakaisho/work_space/crypto-coco/cocoa-club/node_modules/@lerna/import/index.js:57:25)
